<?xml version="1.0" encoding="UTF-8"?>
<!-- Generated by org.testng.reporters.JUnitXMLReporter -->
<testsuite hostname="Ajith" ignored="0" name="Default test" tests="11" failures="0" timestamp="07 Jan 2023 17:54:36 GMT" time="0.501" errors="0">
  <testcase name="test3" time="0.026" classname="org.testnggroup.TestNGGroup"/>
  <testcase name="test6" time="0.022" classname="org.testnggroup.TestNGGroup"/>
  <testcase name="test9" time="0.017" classname="org.testnggroup.TestNGGroup"/>
  <testcase name="test" time="0.018" classname="org.testnggroup.TestNGGroup"/>
  <testcase name="test10" time="0.013" classname="org.testnggroup.TestNGGroup"/>
  <testcase name="test2" time="0.011" classname="org.testnggroup.TestNGGroup"/>
  <testcase name="test4" time="0.006" classname="org.testnggroup.TestNGGroup"/>
  <testcase name="test5" time="0.005" classname="org.testnggroup.TestNGGroup"/>
  <testcase name="test7" time="0.003" classname="org.testnggroup.TestNGGroup"/>
  <testcase name="test8" time="0.002" classname="org.testnggroup.TestNGGroup"/>
  <testcase name="test1" time="0.001" classname="org.testnggroup.TestNGGroup"/>
</testsuite> <!-- Default test -->
