<?xml version="1.0" encoding="UTF-8"?>
<!-- Generated by org.testng.reporters.JUnitXMLReporter -->
<testsuite hostname="Ajith" ignored="0" name="Test" tests="14" failures="1" timestamp="07 Jan 2023 18:24:27 GMT" time="0.376" errors="0">
  <testcase name="aj" time="0.031" classname="org.testnggroup.Rerun">
    <skipped/>
  </testcase> <!-- aj -->
  <testcase name="aj" time="0.005" classname="org.testnggroup.Rerun">
    <skipped/>
  </testcase> <!-- aj -->
  <testcase name="aj" time="0.033" classname="org.testnggroup.Rerun">
    <skipped/>
  </testcase> <!-- aj -->
  <testcase name="aj" time="0.005" classname="org.testnggroup.Rerun">
    <skipped/>
  </testcase> <!-- aj -->
  <testcase name="aj" time="0.012" classname="org.testnggroup.Rerun">
    <skipped/>
  </testcase> <!-- aj -->
  <testcase name="aj" time="0.007" classname="org.testnggroup.Rerun">
    <skipped/>
  </testcase> <!-- aj -->
  <testcase name="aj" time="0.008" classname="org.testnggroup.Rerun">
    <skipped/>
  </testcase> <!-- aj -->
  <testcase name="aj" time="0.005" classname="org.testnggroup.Rerun">
    <skipped/>
  </testcase> <!-- aj -->
  <testcase name="aj" time="0.005" classname="org.testnggroup.Rerun">
    <skipped/>
  </testcase> <!-- aj -->
  <testcase name="aj" time="0.0" classname="org.testnggroup.Rerun">
    <skipped/>
  </testcase> <!-- aj -->
  <testcase name="aj" time="0.0" classname="org.testnggroup.Rerun">
    <skipped/>
  </testcase> <!-- aj -->
  <testcase name="aj" time="0.005" classname="org.testnggroup.Rerun">
    <skipped/>
  </testcase> <!-- aj -->
  <testcase name="aj" time="0.0" classname="org.testnggroup.Rerun">
    <skipped/>
  </testcase> <!-- aj -->
  <testcase name="aj" time="0.007" classname="org.testnggroup.Rerun">
    <failure type="java.lang.AssertionError" message="expected [true] but found [false]">
      <![CDATA[java.lang.AssertionError: expected [true] but found [false]
... Removed 30 stack frames]]>
    </failure>
  </testcase> <!-- aj -->
</testsuite> <!-- Test -->
